[2025-05-28 13:25:12] 実行開始: 引数1='10', 引数2='90'
[2025-05-28 13:25:12] 最大公約数: 
[2025-05-28 13:27:44] 実行開始: 引数1='10', 引数2='90'
[2025-05-28 13:27:44] 最大公約数: 10
[2025-05-28 13:28:05] 実行開始: 引数1='34', 引数2='17'
[2025-05-28 13:28:05] 最大公約数: 17
[2025-05-28 13:28:12] 実行開始: 引数1='34', 引数2='dd'
[2025-05-28 13:28:12] エラー終了: 自然数（1以上の整数）を指定してください（指定値: 'dd'）
[2025-05-28 13:28:21] エラー終了: 引数の数が正しくありません（指定数: 3）
[2025-05-29 09:35:58] 実行開始: 引数1='10', 引数2='20'
[2025-05-29 09:35:58] 最大公約数: 10
[2025-05-29 09:36:11] 実行開始: 引数1='60', 引数2='48'
[2025-05-29 09:36:11] 最大公約数: 12
[2025-05-29 09:36:11] 実行開始: 引数1='12345678901234567890', 引数2='10'
[2025-05-29 09:36:11] 最大公約数: 10
[2025-05-29 09:36:11] エラー終了: 引数の数が正しくありません（指定数: 0）
[2025-05-29 09:36:11] エラー終了: 引数の数が正しくありません（指定数: 3）
[2025-05-29 09:36:11] 実行開始: 引数1='0', 引数2='5'
[2025-05-29 09:36:11] エラー終了: 自然数（1以上の整数）を指定してください（指定値: '0'）
[2025-05-29 09:36:11] 実行開始: 引数1='-10', 引数2='5'
[2025-05-29 09:36:11] エラー終了: 自然数（1以上の整数）を指定してください（指定値: '-10'）
[2025-05-29 09:36:11] 実行開始: 引数1='abc', 引数2='123'
[2025-05-29 09:36:11] エラー終了: 自然数（1以上の整数）を指定してください（指定値: 'abc'）
[2025-05-29 09:36:11] 実行開始: 引数1='1234567890123456789012345678901', 引数2='5'
[2025-05-29 09:36:11] 最大公約数: 1
[2025-06-03 16:19:40] 実行開始: 引数1='60', 引数2='48'
[2025-06-03 16:19:40] 最大公約数: 12
[2025-06-03 16:29:16] 実行開始: 引数1='60', 引数2='48'
[2025-06-03 16:29:16] 最大公約数: 12
[2025-06-03 16:29:16] 実行開始: 引数1='12345678901234567890', 引数2='10'
[2025-06-03 16:29:16] 最大公約数: 10
[2025-06-03 16:29:16] エラー終了: 引数の数が正しくありません（指定数: 0）
[2025-06-03 16:29:16] エラー終了: 引数の数が正しくありません（指定数: 3）
[2025-06-03 16:29:16] 実行開始: 引数1='0', 引数2='5'
[2025-06-03 16:29:16] エラー終了: 自然数（1以上の整数）を指定してください（指定値: '0'）
[2025-06-03 16:29:16] 実行開始: 引数1='-10', 引数2='5'
[2025-06-03 16:29:16] エラー終了: 自然数（1以上の整数）を指定してください（指定値: '-10'）
[2025-06-03 16:29:16] 実行開始: 引数1='abc', 引数2='123'
[2025-06-03 16:29:16] エラー終了: 自然数（1以上の整数）を指定してください（指定値: 'abc'）
[2025-06-03 16:29:16] 実行開始: 引数1='1234567890123456789012345678901', 引数2='5'
[2025-06-03 16:29:16] 最大公約数: 1
[2025-06-03 23:15:19] 実行開始: 引数1='48', 引数2='12'
[2025-06-03 23:15:19] 最大公約数: 12
[2025-06-03 23:16:09] 実行開始: 引数1='48', 引数2='1000000000000000000000000000000000'
[2025-06-03 23:16:09] 最大公約数: 16
[2025-06-03 23:16:14] 実行開始: 引数1='48', 引数2='1000000000000000000000000000000000000000000000'
[2025-06-03 23:16:14] 最大公約数: 16
[2025-06-03 23:16:20] 実行開始: 引数1='48', 引数2='1000000000000000000000000000000000000000000000000000000000000000000'
[2025-06-03 23:16:20] 最大公約数: 16
[2025-06-03 23:24:16] 実行開始: 引数1='48', 引数2='100000000000000000000000000000000000000000000000000000000000000000000000000000000000000000000000000000000000000000000000000000000000000000000000000000000000000000000000000000000000000000000000000000000000000000000000000000000000000000000000000000000000000000000000000000000000000000000000000000000000000000000000000000000000000000000000000000000000000000000000000000000000000000000000000000000000000000000000000000000000000000000000000000000000000000000000'
[2025-06-03 23:24:16] 最大公約数: 16
[2025-06-03 23:36:14] 実行開始: 引数1='60', 引数2='48'
[2025-06-03 23:36:14] 最大公約数: 12
[2025-06-03 23:41:07] 実行開始: 引数1='60', 引数2='48'
[2025-06-03 23:41:07] 最大公約数: 12
[2025-06-03 23:45:02] 実行開始: 引数1='60', 引数2='48'
[2025-06-03 23:45:02] 最大公約数: 12
[2025-06-03 23:47:50] 実行開始: 引数1='60', 引数2='48'
[2025-06-03 23:47:50] 最大公約数: 12
[2025-06-03 23:50:13] 実行開始: 引数1='60', 引数2='48'
[2025-06-03 23:50:13] 最大公約数: 12
[2025-06-03 23:51:28] 実行開始: 引数1='60', 引数2='48'
[2025-06-03 23:51:28] 最大公約数: 12
[2025-06-03 23:51:28] エラー終了: 引数の数が正しくありません（指定数: 0）
[2025-06-03 23:51:28] エラー終了: 引数の数が正しくありません（指定数: 3）
[2025-06-03 23:51:28] 実行開始: 引数1='0', 引数2='5'
[2025-06-03 23:51:28] エラー終了: 自然数（1以上の整数）を指定してください（指定値: '0'）
[2025-06-03 23:51:28] 実行開始: 引数1='-10', 引数2='5'
[2025-06-03 23:51:28] エラー終了: 自然数（1以上の整数）を指定してください（指定値: '-10'）
[2025-06-03 23:51:28] 実行開始: 引数1='abc', 引数2='123'
[2025-06-03 23:51:28] エラー終了: 自然数（1以上の整数）を指定してください（指定値: 'abc'）
[2025-06-03 23:51:28] 実行開始: 引数1='1234567890123456789012345678901', 引数2='5'
[2025-06-03 23:51:28] 最大公約数: 1
[2025-06-06 13:46:58] 実行開始: 引数1='60', 引数2='48'
[2025-06-06 13:46:59] 最大公約数: 12
[2025-06-06 13:46:59] エラー終了: 引数の数が正しくありません（指定数: 0）
[2025-06-06 13:46:59] エラー終了: 引数の数が正しくありません（指定数: 3）
[2025-06-06 13:46:59] 実行開始: 引数1='0', 引数2='5'
[2025-06-06 13:46:59] エラー終了: 自然数（1以上の整数）を指定してください（指定値: '0'）
[2025-06-06 13:46:59] 実行開始: 引数1='-10', 引数2='5'
[2025-06-06 13:46:59] エラー終了: 自然数（1以上の整数）を指定してください（指定値: '-10'）
[2025-06-06 13:46:59] 実行開始: 引数1='abc', 引数2='123'
[2025-06-06 13:46:59] エラー終了: 自然数（1以上の整数）を指定してください（指定値: 'abc'）
[2025-06-06 13:46:59] 実行開始: 引数1='1234567890123456789012345678901', 引数2='5'
[2025-06-06 13:46:59] 最大公約数: 1
[2025-06-06 13:48:33] 実行開始: 引数1='60', 引数2='48'
[2025-06-06 13:48:33] 最大公約数: 12
[2025-06-06 13:48:33] エラー終了: 引数の数が正しくありません（指定数: 0）
[2025-06-06 13:48:33] エラー終了: 引数の数が正しくありません（指定数: 3）
[2025-06-06 13:48:33] 実行開始: 引数1='0', 引数2='5'
[2025-06-06 13:48:33] エラー終了: 自然数（1以上の整数）を指定してください（指定値: '0'）
[2025-06-06 13:48:33] 実行開始: 引数1='-10', 引数2='5'
[2025-06-06 13:48:33] エラー終了: 自然数（1以上の整数）を指定してください（指定値: '-10'）
[2025-06-06 13:48:33] 実行開始: 引数1='abc', 引数2='123'
[2025-06-06 13:48:33] エラー終了: 自然数（1以上の整数）を指定してください（指定値: 'abc'）
